[2018-06-24T14:24:02+09:00] GET /get_data 200 10
[2018-06-24T14:34:05+09:00] GET /api/v1/get_data 200 11
[2018-06-24T14:39:18+09:00] GET /api/v1/get_data 200 5
[2018-06-24T14:41:23+09:00] GET /api/v1/get_data 200 2
[2018-06-24T14:45:33+09:00] GET /api/v1/get_data 200 8
[2018-06-24T14:46:17+09:00] GET /api/v1/get_data 200 1
[2018-06-24T14:46:21+09:00] GET /api/v1/get_data 200 1
[2018-06-24T15:15:17+09:00] GET /api/v1/get_data 200 15
[2018-06-24T15:31:45+09:00] GET /api/v1/get_data 200 15
[2018-06-24T15:31:53+09:00] GET /api/v1/get_data 200 4
[2018-06-24T15:32:57+09:00] GET /api/v1/get_data 200 15
[2018-06-24T15:34:14+09:00] GET /api/v1/get_data - -
[2018-06-24T15:34:18+09:00] GET /api/v1/get_data 200 4
[2018-06-24T15:37:32+09:00] GET /api/v1/get_data 500 712
[2018-06-24T15:40:18+09:00] GET /api/v1/get_data - -
[2018-06-24T15:40:22+09:00] GET /api/v1/get_data 200 5
[2018-06-24T15:44:21+09:00] GET /api/v1/get_data 406 10
[2018-06-24T15:44:27+09:00] GET /api/v1/get_data 200 2
[2018-06-24T15:48:36+09:00] GET /api/v1/get_data 406 5
[2018-06-24T20:26:20+09:00] POST /api/v1/post_data 500 633
[2018-06-24T20:27:53+09:00] POST /api/v1/post_data 500 558
[2018-06-24T20:30:24+09:00] POST /api/v1/get_data 404 65
[2018-06-24T20:30:38+09:00] POST /api/v1/post_data 500 54
[2018-06-24T20:33:37+09:00] POST /api/v1/post_data 200 28
[2018-06-24T20:34:05+09:00] POST /api/v1/post_data - -
[2018-06-24T20:34:49+09:00] POST /api/v1/post_data - -
[2018-06-24T20:35:19+09:00] POST /api/v1/post_data 200 1
[2018-06-24T20:35:51+09:00] POST /api/v1/post_data 200 0
[2018-06-24T20:36:39+09:00] POST /api/v1/post_data - -
[2018-06-24T20:36:55+09:00] POST /api/v1/post_data - -
[2018-06-24T20:37:01+09:00] POST /api/v1/post_data 200 5
[2018-06-24T20:38:11+09:00] POST /api/v1/post_data 200 4
[2018-06-24T20:38:22+09:00] POST /api/v1/post_data - -
[2018-06-24T20:39:22+09:00] POST /api/v1/post_data 200 27
[2018-06-24T20:39:27+09:00] POST /api/v1/post_data 200 2
[2018-06-24T20:39:55+09:00] POST /api/v1/post_data 200 27
[2018-06-24T20:40:23+09:00] POST /api/v1/post_data 200 3
[2018-06-24T20:40:30+09:00] POST /api/v1/post_data 200 2
[2018-06-24T20:42:25+09:00] POST /api/v1/post_data 200 28
[2018-06-24T20:46:38+09:00] GET /api/v1/get_data 406 11
[2018-06-24T20:47:29+09:00] GET /api/v1/get_data 200 9
[2018-06-24T20:48:01+09:00] GET /api/v1/get_data 500 533
[2018-06-24T20:53:30+09:00] GET /api/v1/get_data 500 587
[2018-06-24T20:57:56+09:00] GET /api/v1/get_data 500 594
[2018-06-24T20:58:43+09:00] GET /api/v1/get_data 500 525
[2018-06-24T21:03:30+09:00] GET /api/v1/get_data 200 11
[2018-06-24T21:05:46+09:00] GET /api/v1/get_data 200 104
